Start testing: Aug 01 02:13 W. Europe Daylight Time
----------------------------------------------------------
1/5 Testing: mesh_core
1/5 Test: mesh_core
Command: "C:/Users/Bernard Kapidani/repos/topoprocessor/build/portable-file-buffer/Debug/test_mesh.exe"
Directory: C:/Users/Bernard Kapidani/repos/topoprocessor/build/portable-file-buffer
"mesh_core" start time: Aug 01 02:13 W. Europe Daylight Time
Output:
----------------------------------------------------------
<end of output>
Test time =   0.01 sec
----------------------------------------------------------
Test Passed.
"mesh_core" end time: Aug 01 02:13 W. Europe Daylight Time
"mesh_core" time elapsed: 00:00:00
----------------------------------------------------------

2/5 Testing: mesh_adapters
2/5 Test: mesh_adapters
Command: "C:/Users/Bernard Kapidani/repos/topoprocessor/build/portable-file-buffer/Debug/test_mesh_adapters.exe" "C:/Users/Bernard Kapidani/repos/topoprocessor/src/../tests/fixtures"
Directory: C:/Users/Bernard Kapidani/repos/topoprocessor/build/portable-file-buffer
"mesh_adapters" start time: Aug 01 02:13 W. Europe Daylight Time
Output:
----------------------------------------------------------
<end of output>
Test time =   0.53 sec
----------------------------------------------------------
Test Passed.
"mesh_adapters" end time: Aug 01 02:13 W. Europe Daylight Time
"mesh_adapters" time elapsed: 00:00:00
----------------------------------------------------------

3/5 Testing: mapped_file
3/5 Test: mapped_file
Command: "C:/Users/Bernard Kapidani/repos/topoprocessor/build/portable-file-buffer/Debug/test_mapped_file.exe" "C:/Users/Bernard Kapidani/repos/topoprocessor/build/portable-file-buffer"
Directory: C:/Users/Bernard Kapidani/repos/topoprocessor/build/portable-file-buffer
"mapped_file" start time: Aug 01 02:13 W. Europe Daylight Time
Output:
----------------------------------------------------------
<end of output>
Test time =   0.07 sec
----------------------------------------------------------
Test Passed.
"mapped_file" end time: Aug 01 02:13 W. Europe Daylight Time
"mapped_file" time elapsed: 00:00:00
----------------------------------------------------------

4/5 Testing: recovered_mesh_invariants
4/5 Test: recovered_mesh_invariants
Command: "C:/Users/Bernard Kapidani/.cache/codex-runtimes/codex-primary-runtime/dependencies/python/python.exe" "C:/Users/Bernard Kapidani/repos/topoprocessor/src/../tests/test_recovered_meshes.py"
Directory: C:/Users/Bernard Kapidani/repos/topoprocessor/build/portable-file-buffer
"recovered_mesh_invariants" start time: Aug 01 02:13 W. Europe Daylight Time
Output:
----------------------------------------------------------
recovered tetrahedral and hexahedral mesh invariants passed
<end of output>
Test time =   0.40 sec
----------------------------------------------------------
Test Passed.
"recovered_mesh_invariants" end time: Aug 01 02:13 W. Europe Daylight Time
"recovered_mesh_invariants" time elapsed: 00:00:00
----------------------------------------------------------

5/5 Testing: python_in_memory_adapters
5/5 Test: python_in_memory_adapters
Command: "C:/Users/Bernard Kapidani/.cache/codex-runtimes/codex-primary-runtime/dependencies/python/python.exe" "C:/Users/Bernard Kapidani/repos/topoprocessor/src/../tests/test_in_memory_adapters.py"
Directory: C:/Users/Bernard Kapidani/repos/topoprocessor/build/portable-file-buffer
"python_in_memory_adapters" start time: Aug 01 02:13 W. Europe Daylight Time
Output:
----------------------------------------------------------
......
----------------------------------------------------------------------
Ran 6 tests in 0.001s

OK
<end of output>
Test time =   0.18 sec
----------------------------------------------------------
Test Passed.
"python_in_memory_adapters" end time: Aug 01 02:13 W. Europe Daylight Time
"python_in_memory_adapters" time elapsed: 00:00:00
----------------------------------------------------------

End testing: Aug 01 02:13 W. Europe Daylight Time
